
YES? ncaa.pl -d
File  : ncaa.dat
Year  : 1985
Rounds: 6
Games : 63
ROUND 2
    AVG_DIFF_INC:  -5.937; AVG_DIFF_TOT:  -5.94; CUR_SEED_DIF: -190.00
    MIN_DIFF_INC:  -8.000; MIN_DIFF_TOT:  -8.00; NUM_OF_TEAMS:   32.00
ROUND 3
    AVG_DIFF_INC:  -1.312; AVG_DIFF_TOT:  -7.25; CUR_SEED_DIF:  -21.00
    MIN_DIFF_INC:  -4.000; MIN_DIFF_TOT: -12.00; NUM_OF_TEAMS:   16.00
ROUND 4
    AVG_DIFF_INC:  -4.750; AVG_DIFF_TOT: -12.00; CUR_SEED_DIF:  -38.00
    MIN_DIFF_INC:  -2.000; MIN_DIFF_TOT: -14.00; NUM_OF_TEAMS:    8.00
ROUND 5
    AVG_DIFF_INC:   1.000; AVG_DIFF_TOT: -11.00; CUR_SEED_DIF:    4.00
    MIN_DIFF_INC:  -1.000; MIN_DIFF_TOT: -15.00; NUM_OF_TEAMS:    4.00
ROUND 6
    AVG_DIFF_INC:   3.000; AVG_DIFF_TOT:  -8.00; CUR_SEED_DIF:    6.00
    MIN_DIFF_INC:   0.000; MIN_DIFF_TOT: -15.00; NUM_OF_TEAMS:    2.00
ROUND 7
    AVG_DIFF_INC:   7.000; AVG_DIFF_TOT:  -1.00; CUR_SEED_DIF:    7.00
    MIN_DIFF_INC:   0.000; MIN_DIFF_TOT: -15.00; NUM_OF_TEAMS:    1.00
AVG_DIFF_TOT:  -1.00; MIN_DIFF_TOT: -15.00
File  : ncaa.dat
Year  : 1986
Rounds: 6
Games : 63
ROUND 2
    AVG_DIFF_INC:  -5.625; AVG_DIFF_TOT:  -5.62; CUR_SEED_DIF: -180.00
    MIN_DIFF_INC:  -8.000; MIN_DIFF_TOT:  -8.00; NUM_OF_TEAMS:   32.00
ROUND 3
    AVG_DIFF_INC:  -0.250; AVG_DIFF_TOT:  -5.87; CUR_SEED_DIF:   -4.00
    MIN_DIFF_INC:  -4.000; MIN_DIFF_TOT: -12.00; NUM_OF_TEAMS:   16.00
ROUND 4
    AVG_DIFF_INC:  -1.875; AVG_DIFF_TOT:  -7.75; CUR_SEED_DIF:  -15.00
    MIN_DIFF_INC:  -2.000; MIN_DIFF_TOT: -14.00; NUM_OF_TEAMS:    8.00
ROUND 5
    AVG_DIFF_INC:  -1.750; AVG_DIFF_TOT:  -9.50; CUR_SEED_DIF:   -7.00
    MIN_DIFF_INC:  -1.000; MIN_DIFF_TOT: -15.00; NUM_OF_TEAMS:    4.00
ROUND 6
    AVG_DIFF_INC:  -4.500; AVG_DIFF_TOT: -14.00; CUR_SEED_DIF:   -9.00
    MIN_DIFF_INC:   0.000; MIN_DIFF_TOT: -15.00; NUM_OF_TEAMS:    2.00
ROUND 7
    AVG_DIFF_INC:   1.000; AVG_DIFF_TOT: -13.00; CUR_SEED_DIF:    1.00
    MIN_DIFF_INC:   0.000; MIN_DIFF_TOT: -15.00; NUM_OF_TEAMS:    1.00
AVG_DIFF_TOT: -13.00; MIN_DIFF_TOT: -15.00
File  : ncaa.dat
Year  : 1987
Rounds: 6
Games : 63
ROUND 2
    AVG_DIFF_INC:  -5.187; AVG_DIFF_TOT:  -5.19; CUR_SEED_DIF: -166.00
    MIN_DIFF_INC:  -8.000; MIN_DIFF_TOT:  -8.00; NUM_OF_TEAMS:   32.00
ROUND 3
    AVG_DIFF_INC:  -3.313; AVG_DIFF_TOT:  -8.50; CUR_SEED_DIF:  -53.00
    MIN_DIFF_INC:  -4.000; MIN_DIFF_TOT: -12.00; NUM_OF_TEAMS:   16.00
ROUND 4
    AVG_DIFF_INC:  -2.500; AVG_DIFF_TOT: -11.00; CUR_SEED_DIF:  -20.00
    MIN_DIFF_INC:  -2.000; MIN_DIFF_TOT: -14.00; NUM_OF_TEAMS:    8.00
ROUND 5
    AVG_DIFF_INC:  -1.000; AVG_DIFF_TOT: -12.00; CUR_SEED_DIF:   -4.00
    MIN_DIFF_INC:  -1.000; MIN_DIFF_TOT: -15.00; NUM_OF_TEAMS:    4.00
ROUND 6
    AVG_DIFF_INC:  -2.000; AVG_DIFF_TOT: -14.00; CUR_SEED_DIF:   -4.00
    MIN_DIFF_INC:   0.000; MIN_DIFF_TOT: -15.00; NUM_OF_TEAMS:    2.00
ROUND 7
    AVG_DIFF_INC:  -1.000; AVG_DIFF_TOT: -15.00; CUR_SEED_DIF:   -1.00
    MIN_DIFF_INC:   0.000; MIN_DIFF_TOT: -15.00; NUM_OF_TEAMS:    1.00
AVG_DIFF_TOT: -15.00; MIN_DIFF_TOT: -15.00
File  : ncaa.dat
Year  : 1988
Rounds: 6
Games : 63
ROUND 2
    AVG_DIFF_INC:  -6.187; AVG_DIFF_TOT:  -6.19; CUR_SEED_DIF: -198.00
    MIN_DIFF_INC:  -8.000; MIN_DIFF_TOT:  -8.00; NUM_OF_TEAMS:   32.00
ROUND 3
    AVG_DIFF_INC:  -2.063; AVG_DIFF_TOT:  -8.25; CUR_SEED_DIF:  -33.00
    MIN_DIFF_INC:  -4.000; MIN_DIFF_TOT: -12.00; NUM_OF_TEAMS:   16.00
ROUND 4
    AVG_DIFF_INC:  -3.000; AVG_DIFF_TOT: -11.25; CUR_SEED_DIF:  -24.00
    MIN_DIFF_INC:  -2.000; MIN_DIFF_TOT: -14.00; NUM_OF_TEAMS:    8.00
ROUND 5
    AVG_DIFF_INC:  -0.750; AVG_DIFF_TOT: -12.00; CUR_SEED_DIF:   -3.00
    MIN_DIFF_INC:  -1.000; MIN_DIFF_TOT: -15.00; NUM_OF_TEAMS:    4.00
ROUND 6
    AVG_DIFF_INC:   2.000; AVG_DIFF_TOT: -10.00; CUR_SEED_DIF:    4.00
    MIN_DIFF_INC:   0.000; MIN_DIFF_TOT: -15.00; NUM_OF_TEAMS:    2.00
ROUND 7
    AVG_DIFF_INC:   5.000; AVG_DIFF_TOT:  -5.00; CUR_SEED_DIF:    5.00
    MIN_DIFF_INC:   0.000; MIN_DIFF_TOT: -15.00; NUM_OF_TEAMS:    1.00
AVG_DIFF_TOT:  -5.00; MIN_DIFF_TOT: -15.00
File  : ncaa.dat
Year  : 1989
Rounds: 6
Games : 63
ROUND 2
    AVG_DIFF_INC:  -4.625; AVG_DIFF_TOT:  -4.62; CUR_SEED_DIF: -148.00
    MIN_DIFF_INC:  -8.000; MIN_DIFF_TOT:  -8.00; NUM_OF_TEAMS:   32.00
ROUND 3
    AVG_DIFF_INC:  -6.125; AVG_DIFF_TOT: -10.75; CUR_SEED_DIF:  -98.00
    MIN_DIFF_INC:  -4.000; MIN_DIFF_TOT: -12.00; NUM_OF_TEAMS:   16.00
ROUND 4
    AVG_DIFF_INC:  -1.000; AVG_DIFF_TOT: -11.75; CUR_SEED_DIF:   -8.00
    MIN_DIFF_INC:  -2.000; MIN_DIFF_TOT: -14.00; NUM_OF_TEAMS:    8.00
ROUND 5
    AVG_DIFF_INC:  -0.750; AVG_DIFF_TOT: -12.50; CUR_SEED_DIF:   -3.00
    MIN_DIFF_INC:  -1.000; MIN_DIFF_TOT: -15.00; NUM_OF_TEAMS:    4.00
ROUND 6
    AVG_DIFF_INC:   1.500; AVG_DIFF_TOT: -11.00; CUR_SEED_DIF:    3.00
    MIN_DIFF_INC:   0.000; MIN_DIFF_TOT: -15.00; NUM_OF_TEAMS:    2.00
ROUND 7
    AVG_DIFF_INC:   0.000; AVG_DIFF_TOT: -11.00; CUR_SEED_DIF:    0.00
    MIN_DIFF_INC:   0.000; MIN_DIFF_TOT: -15.00; NUM_OF_TEAMS:    1.00
AVG_DIFF_TOT: -11.00; MIN_DIFF_TOT: -15.00
File  : ncaa.dat
Year  : 1990
Rounds: 6
Games : 63
ROUND 2
    AVG_DIFF_INC:  -5.812; AVG_DIFF_TOT:  -5.81; CUR_SEED_DIF: -186.00
    MIN_DIFF_INC:  -8.000; MIN_DIFF_TOT:  -8.00; NUM_OF_TEAMS:   32.00
ROUND 3
    AVG_DIFF_INC:  -0.187; AVG_DIFF_TOT:  -6.00; CUR_SEED_DIF:   -3.00
    MIN_DIFF_INC:  -4.000; MIN_DIFF_TOT: -12.00; NUM_OF_TEAMS:   16.00
ROUND 4
    AVG_DIFF_INC:  -1.000; AVG_DIFF_TOT:  -7.00; CUR_SEED_DIF:   -8.00
    MIN_DIFF_INC:  -2.000; MIN_DIFF_TOT: -14.00; NUM_OF_TEAMS:    8.00
ROUND 5
    AVG_DIFF_INC:  -4.000; AVG_DIFF_TOT: -11.00; CUR_SEED_DIF:  -16.00
    MIN_DIFF_INC:  -1.000; MIN_DIFF_TOT: -15.00; NUM_OF_TEAMS:    4.00
ROUND 6
    AVG_DIFF_INC:  -2.000; AVG_DIFF_TOT: -13.00; CUR_SEED_DIF:   -4.00
    MIN_DIFF_INC:   0.000; MIN_DIFF_TOT: -15.00; NUM_OF_TEAMS:    2.00
ROUND 7
    AVG_DIFF_INC:  -2.000; AVG_DIFF_TOT: -15.00; CUR_SEED_DIF:   -2.00
    MIN_DIFF_INC:   0.000; MIN_DIFF_TOT: -15.00; NUM_OF_TEAMS:    1.00
AVG_DIFF_TOT: -15.00; MIN_DIFF_TOT: -15.00
File  : ncaa.dat
Year  : 1991
Rounds: 6
Games : 63
ROUND 2
    AVG_DIFF_INC:  -4.437; AVG_DIFF_TOT:  -4.44; CUR_SEED_DIF: -142.00
    MIN_DIFF_INC:  -8.000; MIN_DIFF_TOT:  -8.00; NUM_OF_TEAMS:   32.00
ROUND 3
    AVG_DIFF_INC:  -4.562; AVG_DIFF_TOT:  -9.00; CUR_SEED_DIF:  -73.00
    MIN_DIFF_INC:  -4.000; MIN_DIFF_TOT: -12.00; NUM_OF_TEAMS:   16.00
ROUND 4
    AVG_DIFF_INC:  -1.750; AVG_DIFF_TOT: -10.75; CUR_SEED_DIF:  -14.00
    MIN_DIFF_INC:  -2.000; MIN_DIFF_TOT: -14.00; NUM_OF_TEAMS:    8.00
ROUND 5
    AVG_DIFF_INC:  -2.750; AVG_DIFF_TOT: -13.50; CUR_SEED_DIF:  -11.00
    MIN_DIFF_INC:  -1.000; MIN_DIFF_TOT: -15.00; NUM_OF_TEAMS:    4.00
ROUND 6
    AVG_DIFF_INC:   1.500; AVG_DIFF_TOT: -12.00; CUR_SEED_DIF:    3.00
    MIN_DIFF_INC:   0.000; MIN_DIFF_TOT: -15.00; NUM_OF_TEAMS:    2.00
ROUND 7
    AVG_DIFF_INC:  -1.000; AVG_DIFF_TOT: -13.00; CUR_SEED_DIF:   -1.00
    MIN_DIFF_INC:   0.000; MIN_DIFF_TOT: -15.00; NUM_OF_TEAMS:    1.00
AVG_DIFF_TOT: -13.00; MIN_DIFF_TOT: -15.00
File  : ncaa.dat
Year  : 1992
Rounds: 6
Games : 63
ROUND 2
    AVG_DIFF_INC:  -5.750; AVG_DIFF_TOT:  -5.75; CUR_SEED_DIF: -184.00
    MIN_DIFF_INC:  -8.000; MIN_DIFF_TOT:  -8.00; NUM_OF_TEAMS:   32.00
ROUND 3
    AVG_DIFF_INC:  -2.875; AVG_DIFF_TOT:  -8.63; CUR_SEED_DIF:  -46.00
    MIN_DIFF_INC:  -4.000; MIN_DIFF_TOT: -12.00; NUM_OF_TEAMS:   16.00
ROUND 4
    AVG_DIFF_INC:  -2.625; AVG_DIFF_TOT: -11.25; CUR_SEED_DIF:  -21.00
    MIN_DIFF_INC:  -2.000; MIN_DIFF_TOT: -14.00; NUM_OF_TEAMS:    8.00
ROUND 5
    AVG_DIFF_INC:   0.750; AVG_DIFF_TOT: -10.50; CUR_SEED_DIF:    3.00
    MIN_DIFF_INC:  -1.000; MIN_DIFF_TOT: -15.00; NUM_OF_TEAMS:    4.00
ROUND 6
    AVG_DIFF_INC:   0.500; AVG_DIFF_TOT: -10.00; CUR_SEED_DIF:    1.00
    MIN_DIFF_INC:   0.000; MIN_DIFF_TOT: -15.00; NUM_OF_TEAMS:    2.00
ROUND 7
    AVG_DIFF_INC:  -5.000; AVG_DIFF_TOT: -15.00; CUR_SEED_DIF:   -5.00
    MIN_DIFF_INC:   0.000; MIN_DIFF_TOT: -15.00; NUM_OF_TEAMS:    1.00
AVG_DIFF_TOT: -15.00; MIN_DIFF_TOT: -15.00
File  : ncaa.dat
Year  : 1993
Rounds: 6
Games : 63
ROUND 2
    AVG_DIFF_INC:  -5.750; AVG_DIFF_TOT:  -5.75; CUR_SEED_DIF: -184.00
    MIN_DIFF_INC:  -8.000; MIN_DIFF_TOT:  -8.00; NUM_OF_TEAMS:   32.00
ROUND 3
    AVG_DIFF_INC:  -3.125; AVG_DIFF_TOT:  -8.88; CUR_SEED_DIF:  -50.00
    MIN_DIFF_INC:  -4.000; MIN_DIFF_TOT: -12.00; NUM_OF_TEAMS:   16.00
ROUND 4
    AVG_DIFF_INC:  -3.625; AVG_DIFF_TOT: -12.50; CUR_SEED_DIF:  -29.00
    MIN_DIFF_INC:  -2.000; MIN_DIFF_TOT: -14.00; NUM_OF_TEAMS:    8.00
ROUND 5
    AVG_DIFF_INC:  -2.000; AVG_DIFF_TOT: -14.50; CUR_SEED_DIF:   -8.00
    MIN_DIFF_INC:  -1.000; MIN_DIFF_TOT: -15.00; NUM_OF_TEAMS:    4.00
ROUND 6
    AVG_DIFF_INC:  -0.500; AVG_DIFF_TOT: -15.00; CUR_SEED_DIF:   -1.00
    MIN_DIFF_INC:   0.000; MIN_DIFF_TOT: -15.00; NUM_OF_TEAMS:    2.00
ROUND 7
    AVG_DIFF_INC:   0.000; AVG_DIFF_TOT: -15.00; CUR_SEED_DIF:    0.00
    MIN_DIFF_INC:   0.000; MIN_DIFF_TOT: -15.00; NUM_OF_TEAMS:    1.00
AVG_DIFF_TOT: -15.00; MIN_DIFF_TOT: -15.00
File  : ncaa.dat
Year  : 1994
Rounds: 6
Games : 63
ROUND 2
    AVG_DIFF_INC:  -6.187; AVG_DIFF_TOT:  -6.19; CUR_SEED_DIF: -198.00
    MIN_DIFF_INC:  -8.000; MIN_DIFF_TOT:  -8.00; NUM_OF_TEAMS:   32.00
ROUND 3
    AVG_DIFF_INC:  -2.313; AVG_DIFF_TOT:  -8.50; CUR_SEED_DIF:  -37.00
    MIN_DIFF_INC:  -4.000; MIN_DIFF_TOT: -12.00; NUM_OF_TEAMS:   16.00
ROUND 4
    AVG_DIFF_INC:  -3.000; AVG_DIFF_TOT: -11.50; CUR_SEED_DIF:  -24.00
    MIN_DIFF_INC:  -2.000; MIN_DIFF_TOT: -14.00; NUM_OF_TEAMS:    8.00
ROUND 5
    AVG_DIFF_INC:  -1.500; AVG_DIFF_TOT: -13.00; CUR_SEED_DIF:   -6.00
    MIN_DIFF_INC:  -1.000; MIN_DIFF_TOT: -15.00; NUM_OF_TEAMS:    4.00
ROUND 6
    AVG_DIFF_INC:  -1.000; AVG_DIFF_TOT: -14.00; CUR_SEED_DIF:   -2.00
    MIN_DIFF_INC:   0.000; MIN_DIFF_TOT: -15.00; NUM_OF_TEAMS:    2.00
ROUND 7
    AVG_DIFF_INC:  -1.000; AVG_DIFF_TOT: -15.00; CUR_SEED_DIF:   -1.00
    MIN_DIFF_INC:   0.000; MIN_DIFF_TOT: -15.00; NUM_OF_TEAMS:    1.00
AVG_DIFF_TOT: -15.00; MIN_DIFF_TOT: -15.00
File  : ncaa.dat
Year  : 1995
Rounds: 6
Games : 63
ROUND 2
    AVG_DIFF_INC:  -5.000; AVG_DIFF_TOT:  -5.00; CUR_SEED_DIF: -160.00
    MIN_DIFF_INC:  -8.000; MIN_DIFF_TOT:  -8.00; NUM_OF_TEAMS:   32.00
ROUND 3
    AVG_DIFF_INC:  -5.625; AVG_DIFF_TOT: -10.63; CUR_SEED_DIF:  -90.00
    MIN_DIFF_INC:  -4.000; MIN_DIFF_TOT: -12.00; NUM_OF_TEAMS:   16.00
ROUND 4
    AVG_DIFF_INC:  -1.875; AVG_DIFF_TOT: -12.50; CUR_SEED_DIF:  -15.00
    MIN_DIFF_INC:  -2.000; MIN_DIFF_TOT: -14.00; NUM_OF_TEAMS:    8.00
ROUND 5
    AVG_DIFF_INC:   0.000; AVG_DIFF_TOT: -12.50; CUR_SEED_DIF:    0.00
    MIN_DIFF_INC:  -1.000; MIN_DIFF_TOT: -15.00; NUM_OF_TEAMS:    4.00
ROUND 6
    AVG_DIFF_INC:  -1.500; AVG_DIFF_TOT: -14.00; CUR_SEED_DIF:   -3.00
    MIN_DIFF_INC:   0.000; MIN_DIFF_TOT: -15.00; NUM_OF_TEAMS:    2.00
ROUND 7
    AVG_DIFF_INC:  -1.000; AVG_DIFF_TOT: -15.00; CUR_SEED_DIF:   -1.00
    MIN_DIFF_INC:   0.000; MIN_DIFF_TOT: -15.00; NUM_OF_TEAMS:    1.00
AVG_DIFF_TOT: -15.00; MIN_DIFF_TOT: -15.00
File  : ncaa.dat
Year  : 1996
Rounds: 6
Games : 63
ROUND 2
    AVG_DIFF_INC:  -5.687; AVG_DIFF_TOT:  -5.69; CUR_SEED_DIF: -182.00
    MIN_DIFF_INC:  -8.000; MIN_DIFF_TOT:  -8.00; NUM_OF_TEAMS:   32.00
ROUND 3
    AVG_DIFF_INC:  -3.938; AVG_DIFF_TOT:  -9.63; CUR_SEED_DIF:  -63.00
    MIN_DIFF_INC:  -4.000; MIN_DIFF_TOT: -12.00; NUM_OF_TEAMS:   16.00
ROUND 4
    AVG_DIFF_INC:  -2.625; AVG_DIFF_TOT: -12.25; CUR_SEED_DIF:  -21.00
    MIN_DIFF_INC:  -2.000; MIN_DIFF_TOT: -14.00; NUM_OF_TEAMS:    8.00
ROUND 5
    AVG_DIFF_INC:   0.750; AVG_DIFF_TOT: -11.50; CUR_SEED_DIF:    3.00
    MIN_DIFF_INC:  -1.000; MIN_DIFF_TOT: -15.00; NUM_OF_TEAMS:    4.00
ROUND 6
    AVG_DIFF_INC:  -0.500; AVG_DIFF_TOT: -12.00; CUR_SEED_DIF:   -1.00
    MIN_DIFF_INC:   0.000; MIN_DIFF_TOT: -15.00; NUM_OF_TEAMS:    2.00
ROUND 7
    AVG_DIFF_INC:  -3.000; AVG_DIFF_TOT: -15.00; CUR_SEED_DIF:   -3.00
    MIN_DIFF_INC:   0.000; MIN_DIFF_TOT: -15.00; NUM_OF_TEAMS:    1.00
AVG_DIFF_TOT: -15.00; MIN_DIFF_TOT: -15.00
File  : ncaa.dat
Year  : 1997
Rounds: 6
Games : 63
ROUND 2
    AVG_DIFF_INC:  -5.562; AVG_DIFF_TOT:  -5.56; CUR_SEED_DIF: -178.00
    MIN_DIFF_INC:  -8.000; MIN_DIFF_TOT:  -8.00; NUM_OF_TEAMS:   32.00
ROUND 3
    AVG_DIFF_INC:  -1.812; AVG_DIFF_TOT:  -7.37; CUR_SEED_DIF:  -29.00
    MIN_DIFF_INC:  -4.000; MIN_DIFF_TOT: -12.00; NUM_OF_TEAMS:   16.00
ROUND 4
    AVG_DIFF_INC:  -2.875; AVG_DIFF_TOT: -10.25; CUR_SEED_DIF:  -23.00
    MIN_DIFF_INC:  -2.000; MIN_DIFF_TOT: -14.00; NUM_OF_TEAMS:    8.00
ROUND 5
    AVG_DIFF_INC:  -3.250; AVG_DIFF_TOT: -13.50; CUR_SEED_DIF:  -13.00
    MIN_DIFF_INC:  -1.000; MIN_DIFF_TOT: -15.00; NUM_OF_TEAMS:    4.00
ROUND 6
    AVG_DIFF_INC:   1.500; AVG_DIFF_TOT: -12.00; CUR_SEED_DIF:    3.00
    MIN_DIFF_INC:   0.000; MIN_DIFF_TOT: -15.00; NUM_OF_TEAMS:    2.00
ROUND 7
    AVG_DIFF_INC:   3.000; AVG_DIFF_TOT:  -9.00; CUR_SEED_DIF:    3.00
    MIN_DIFF_INC:   0.000; MIN_DIFF_TOT: -15.00; NUM_OF_TEAMS:    1.00
AVG_DIFF_TOT:  -9.00; MIN_DIFF_TOT: -15.00
File  : ncaa.dat
Year  : 1998
Rounds: 6
Games : 63
ROUND 2
    AVG_DIFF_INC:  -5.062; AVG_DIFF_TOT:  -5.06; CUR_SEED_DIF: -162.00
    MIN_DIFF_INC:  -8.000; MIN_DIFF_TOT:  -8.00; NUM_OF_TEAMS:   32.00
ROUND 3
    AVG_DIFF_INC:  -2.438; AVG_DIFF_TOT:  -7.50; CUR_SEED_DIF:  -39.00
    MIN_DIFF_INC:  -4.000; MIN_DIFF_TOT: -12.00; NUM_OF_TEAMS:   16.00
ROUND 4
    AVG_DIFF_INC:  -4.250; AVG_DIFF_TOT: -11.75; CUR_SEED_DIF:  -34.00
    MIN_DIFF_INC:  -2.000; MIN_DIFF_TOT: -14.00; NUM_OF_TEAMS:    8.00
ROUND 5
    AVG_DIFF_INC:  -0.750; AVG_DIFF_TOT: -12.50; CUR_SEED_DIF:   -3.00
    MIN_DIFF_INC:  -1.000; MIN_DIFF_TOT: -15.00; NUM_OF_TEAMS:    4.00
ROUND 6
    AVG_DIFF_INC:   0.500; AVG_DIFF_TOT: -12.00; CUR_SEED_DIF:    1.00
    MIN_DIFF_INC:   0.000; MIN_DIFF_TOT: -15.00; NUM_OF_TEAMS:    2.00
ROUND 7
    AVG_DIFF_INC:  -1.000; AVG_DIFF_TOT: -13.00; CUR_SEED_DIF:   -1.00
    MIN_DIFF_INC:   0.000; MIN_DIFF_TOT: -15.00; NUM_OF_TEAMS:    1.00
AVG_DIFF_TOT: -13.00; MIN_DIFF_TOT: -15.00
File  : ncaa.dat
Year  : 1999
Rounds: 6
Games : 63
ROUND 2
    AVG_DIFF_INC:  -4.875; AVG_DIFF_TOT:  -4.87; CUR_SEED_DIF: -156.00
    MIN_DIFF_INC:  -8.000; MIN_DIFF_TOT:  -8.00; NUM_OF_TEAMS:   32.00
ROUND 3
    AVG_DIFF_INC:  -1.125; AVG_DIFF_TOT:  -6.00; CUR_SEED_DIF:  -18.00
    MIN_DIFF_INC:  -4.000; MIN_DIFF_TOT: -12.00; NUM_OF_TEAMS:   16.00
ROUND 4
    AVG_DIFF_INC:  -3.750; AVG_DIFF_TOT:  -9.75; CUR_SEED_DIF:  -30.00
    MIN_DIFF_INC:  -2.000; MIN_DIFF_TOT: -14.00; NUM_OF_TEAMS:    8.00
ROUND 5
    AVG_DIFF_INC:  -3.750; AVG_DIFF_TOT: -13.50; CUR_SEED_DIF:  -15.00
    MIN_DIFF_INC:  -1.000; MIN_DIFF_TOT: -15.00; NUM_OF_TEAMS:    4.00
ROUND 6
    AVG_DIFF_INC:  -1.500; AVG_DIFF_TOT: -15.00; CUR_SEED_DIF:   -3.00
    MIN_DIFF_INC:   0.000; MIN_DIFF_TOT: -15.00; NUM_OF_TEAMS:    2.00
ROUND 7
    AVG_DIFF_INC:   0.000; AVG_DIFF_TOT: -15.00; CUR_SEED_DIF:    0.00
    MIN_DIFF_INC:   0.000; MIN_DIFF_TOT: -15.00; NUM_OF_TEAMS:    1.00
AVG_DIFF_TOT: -15.00; MIN_DIFF_TOT: -15.00
File  : ncaa.dat
Year  : 2000
Rounds: 6
Games : 63
ROUND 2
    AVG_DIFF_INC:  -7.312; AVG_DIFF_TOT:  -7.31; CUR_SEED_DIF: -234.00
    MIN_DIFF_INC:  -8.000; MIN_DIFF_TOT:  -8.00; NUM_OF_TEAMS:   32.00
ROUND 3
    AVG_DIFF_INC:   0.937; AVG_DIFF_TOT:  -6.37; CUR_SEED_DIF:   15.00
    MIN_DIFF_INC:  -4.000; MIN_DIFF_TOT: -12.00; NUM_OF_TEAMS:   16.00
ROUND 4
    AVG_DIFF_INC:  -0.625; AVG_DIFF_TOT:  -7.00; CUR_SEED_DIF:   -5.00
    MIN_DIFF_INC:  -2.000; MIN_DIFF_TOT: -14.00; NUM_OF_TEAMS:    8.00
ROUND 5
    AVG_DIFF_INC:   1.000; AVG_DIFF_TOT:  -6.00; CUR_SEED_DIF:    4.00
    MIN_DIFF_INC:  -1.000; MIN_DIFF_TOT: -15.00; NUM_OF_TEAMS:    4.00
ROUND 6
    AVG_DIFF_INC:  -5.000; AVG_DIFF_TOT: -11.00; CUR_SEED_DIF:  -10.00
    MIN_DIFF_INC:   0.000; MIN_DIFF_TOT: -15.00; NUM_OF_TEAMS:    2.00
ROUND 7
    AVG_DIFF_INC:  -4.000; AVG_DIFF_TOT: -15.00; CUR_SEED_DIF:   -4.00
    MIN_DIFF_INC:   0.000; MIN_DIFF_TOT: -15.00; NUM_OF_TEAMS:    1.00
AVG_DIFF_TOT: -15.00; MIN_DIFF_TOT: -15.00
File  : ncaa.dat
Year  : 2001
Rounds: 6
Games : 63
ROUND 2
    AVG_DIFF_INC:  -3.938; AVG_DIFF_TOT:  -3.94; CUR_SEED_DIF: -126.00
    MIN_DIFF_INC:  -8.000; MIN_DIFF_TOT:  -8.00; NUM_OF_TEAMS:   32.00
ROUND 3
    AVG_DIFF_INC:  -3.938; AVG_DIFF_TOT:  -7.87; CUR_SEED_DIF:  -63.00
    MIN_DIFF_INC:  -4.000; MIN_DIFF_TOT: -12.00; NUM_OF_TEAMS:   16.00
ROUND 4
    AVG_DIFF_INC:  -2.625; AVG_DIFF_TOT: -10.50; CUR_SEED_DIF:  -21.00
    MIN_DIFF_INC:  -2.000; MIN_DIFF_TOT: -14.00; NUM_OF_TEAMS:    8.00
ROUND 5
    AVG_DIFF_INC:  -3.000; AVG_DIFF_TOT: -13.50; CUR_SEED_DIF:  -12.00
    MIN_DIFF_INC:  -1.000; MIN_DIFF_TOT: -15.00; NUM_OF_TEAMS:    4.00
ROUND 6
    AVG_DIFF_INC:  -0.500; AVG_DIFF_TOT: -14.00; CUR_SEED_DIF:   -1.00
    MIN_DIFF_INC:   0.000; MIN_DIFF_TOT: -15.00; NUM_OF_TEAMS:    2.00
ROUND 7
    AVG_DIFF_INC:  -1.000; AVG_DIFF_TOT: -15.00; CUR_SEED_DIF:   -1.00
    MIN_DIFF_INC:   0.000; MIN_DIFF_TOT: -15.00; NUM_OF_TEAMS:    1.00
AVG_DIFF_TOT: -15.00; MIN_DIFF_TOT: -15.00
File  : ncaa.dat
Year  : 2002
Rounds: 6
Games : 63
ROUND 2
    AVG_DIFF_INC:  -5.312; AVG_DIFF_TOT:  -5.31; CUR_SEED_DIF: -170.00
    MIN_DIFF_INC:  -8.000; MIN_DIFF_TOT:  -8.00; NUM_OF_TEAMS:   32.00
ROUND 3
    AVG_DIFF_INC:  -2.313; AVG_DIFF_TOT:  -7.62; CUR_SEED_DIF:  -37.00
    MIN_DIFF_INC:  -4.000; MIN_DIFF_TOT: -12.00; NUM_OF_TEAMS:   16.00
ROUND 4
    AVG_DIFF_INC:  -0.625; AVG_DIFF_TOT:  -8.25; CUR_SEED_DIF:   -5.00
    MIN_DIFF_INC:  -2.000; MIN_DIFF_TOT: -14.00; NUM_OF_TEAMS:    8.00
ROUND 5
    AVG_DIFF_INC:  -4.250; AVG_DIFF_TOT: -12.50; CUR_SEED_DIF:  -17.00
    MIN_DIFF_INC:  -1.000; MIN_DIFF_TOT: -15.00; NUM_OF_TEAMS:    4.00
ROUND 6
    AVG_DIFF_INC:   1.500; AVG_DIFF_TOT: -11.00; CUR_SEED_DIF:    3.00
    MIN_DIFF_INC:   0.000; MIN_DIFF_TOT: -15.00; NUM_OF_TEAMS:    2.00
ROUND 7
    AVG_DIFF_INC:  -4.000; AVG_DIFF_TOT: -15.00; CUR_SEED_DIF:   -4.00
    MIN_DIFF_INC:   0.000; MIN_DIFF_TOT: -15.00; NUM_OF_TEAMS:    1.00
AVG_DIFF_TOT: -15.00; MIN_DIFF_TOT: -15.00
File  : ncaa.dat
Year  : sMAX
Rounds: 6
Games : 63
ROUND 2
    AVG_DIFF_INC:   8.000; AVG_DIFF_TOT:   8.00; CUR_SEED_DIF:  256.00
    MIN_DIFF_INC:  -8.000; MIN_DIFF_TOT:  -8.00; NUM_OF_TEAMS:   32.00
ROUND 3
    AVG_DIFF_INC:   4.000; AVG_DIFF_TOT:  12.00; CUR_SEED_DIF:   64.00
    MIN_DIFF_INC:  -4.000; MIN_DIFF_TOT: -12.00; NUM_OF_TEAMS:   16.00
ROUND 4
    AVG_DIFF_INC:   2.000; AVG_DIFF_TOT:  14.00; CUR_SEED_DIF:   16.00
    MIN_DIFF_INC:  -2.000; MIN_DIFF_TOT: -14.00; NUM_OF_TEAMS:    8.00
ROUND 5
    AVG_DIFF_INC:   1.000; AVG_DIFF_TOT:  15.00; CUR_SEED_DIF:    4.00
    MIN_DIFF_INC:  -1.000; MIN_DIFF_TOT: -15.00; NUM_OF_TEAMS:    4.00
ROUND 6
    AVG_DIFF_INC:   0.000; AVG_DIFF_TOT:  15.00; CUR_SEED_DIF:    0.00
    MIN_DIFF_INC:   0.000; MIN_DIFF_TOT: -15.00; NUM_OF_TEAMS:    2.00
ROUND 7
    AVG_DIFF_INC:   0.000; AVG_DIFF_TOT:  15.00; CUR_SEED_DIF:    0.00
    MIN_DIFF_INC:   0.000; MIN_DIFF_TOT: -15.00; NUM_OF_TEAMS:    1.00
AVG_DIFF_TOT:  15.00; MIN_DIFF_TOT: -15.00
File  : ncaa.dat
Year  : sMIN
Rounds: 6
Games : 63
ROUND 2
    AVG_DIFF_INC:  -8.000; AVG_DIFF_TOT:  -8.00; CUR_SEED_DIF: -256.00
    MIN_DIFF_INC:  -8.000; MIN_DIFF_TOT:  -8.00; NUM_OF_TEAMS:   32.00
ROUND 3
    AVG_DIFF_INC:  -4.000; AVG_DIFF_TOT: -12.00; CUR_SEED_DIF:  -64.00
    MIN_DIFF_INC:  -4.000; MIN_DIFF_TOT: -12.00; NUM_OF_TEAMS:   16.00
ROUND 4
    AVG_DIFF_INC:  -2.000; AVG_DIFF_TOT: -14.00; CUR_SEED_DIF:  -16.00
    MIN_DIFF_INC:  -2.000; MIN_DIFF_TOT: -14.00; NUM_OF_TEAMS:    8.00
ROUND 5
    AVG_DIFF_INC:  -1.000; AVG_DIFF_TOT: -15.00; CUR_SEED_DIF:   -4.00
    MIN_DIFF_INC:  -1.000; MIN_DIFF_TOT: -15.00; NUM_OF_TEAMS:    4.00
ROUND 6
    AVG_DIFF_INC:   0.000; AVG_DIFF_TOT: -15.00; CUR_SEED_DIF:    0.00
    MIN_DIFF_INC:   0.000; MIN_DIFF_TOT: -15.00; NUM_OF_TEAMS:    2.00
ROUND 7
    AVG_DIFF_INC:   0.000; AVG_DIFF_TOT: -15.00; CUR_SEED_DIF:    0.00
    MIN_DIFF_INC:   0.000; MIN_DIFF_TOT: -15.00; NUM_OF_TEAMS:    1.00
AVG_DIFF_TOT: -15.00; MIN_DIFF_TOT: -15.00

AVG PER RND    AVG ALL RND    AVG SEED DIF   AVG NORM DIF
===========    ===========    ============   ============
sMAX: 100.00   sMAX: 100.00   sMAX: 100.00   sMAX: 100.00   sMAX: 100.00
1985:  20.53   1986:  18.80   1986:  18.53   1990:  28.17   1985:  46.67
1988:  16.13   1990:  18.20   1990:  17.79   2000:  27.67   1988:  33.33
2000:  16.01   1999:  17.74   1999:  17.35   1986:  26.49   1997:  20.00
1986:  15.17   2001:  17.44   2001:  17.06   1999:  24.19   1989:  13.33
1990:  13.95   2002:  16.54   2002:  16.18   1985:  23.82   1998:   6.67
1997:  13.82   2000:  15.94   1985:  15.88   2001:  22.63   1991:   6.67
2002:  12.87   1998:  15.19   2000:  15.59   1998:  22.49   1986:   6.67
1998:  11.69   1991:  15.19   1997:  15.15   1988:  22.37   2002:   0.00
1992:  11.60   1985:  15.19   1998:  15.00   2002:  22.36   2001:   0.00
1989:  11.56   1997:  15.04   1991:  15.00   1997:  22.06   2000:   0.00
1991:  11.34   1987:  13.83   1987:  13.53   1991:  21.75   1999:   0.00
1999:  10.78   1992:  13.23   1988:  13.38   1989:  21.11   1996:   0.00
2001:  10.57   1988:  12.93   1992:  12.94   1992:  20.27   1995:   0.00
1987:   9.37   1989:  12.63   1989:  12.65   1987:  19.02   1994:   0.00
1996:   8.71   1996:  10.98   1996:  10.74   1996:  17.08   1993:   0.00
1994:   7.47   1994:  10.83   1994:  10.59   1994:  16.54   1992:   0.00
1995:   6.92   1995:  10.68   1995:  10.44   1995:  15.67   1990:   0.00
1993:   5.68   1993:  10.23   1993:  10.00   1993:  13.60   1987:   0.00
sMIN:   0.00   sMIN:   0.00   sMIN:   0.00   sMIN:   0.00   sMIN:   0.00
